<?xml version="1.0" encoding="UTF-8"?>
<testsuite name="com.swa.qa.automation.test.FlightSearchPageIT" tests="1" skipped="0" failures="0" errors="0" timestamp="2018-08-09T09:14:25" hostname="QPaaSICNV1499" time="30.371">
  <properties/>
  <testcase name="SouthWest Flight Search Oneway" classname="com.swa.qa.automation.test.FlightSearchPageIT" time="30.371"/>
  <system-out><![CDATA[]]></system-out>
  <system-err><![CDATA[Starting ChromeDriver 2.41.578737 (49da6702b16031c40d63e5618de03a32ff6c197e) on port 36474
Only local connections are allowed.
Aug 09, 2018 2:44:32 PM org.openqa.selenium.remote.ProtocolHandshake createSession
INFO: Detected dialect: OSS
]]></system-err>
</testsuite>
